Len(argv)=3; argv[0]=Replacer.py
/home/cubie/work/replace/libxml2.txt
['Replacer.py', '--exec', 'libxml2.txt']
Entities: 11
['/mnt/16orig/sdb2/usr/share/doc/libxml2\n', '/mnt/16orig/sdb2/usr/share/lintian/overrides/libxml2\n', '/mnt/16orig/sdb2/usr/lib/arm-linux-gnueabihf/libxml2.so.2\n', '/mnt/16orig/sdb2/usr/lib/arm-linux-gnueabihf/libxml2.so.2.9.1\n', '/mnt/16orig/sdb2/var/cache/apt/archives/libxml2_2.9.1+dfsg1-5+deb8u8_armhf.deb\n', '/mnt/16orig/sdb2/var/lib/dpkg/info/libxml2:armhf.postrm\n', '/mnt/16orig/sdb2/var/lib/dpkg/info/libxml2:armhf.postinst\n', '/mnt/16orig/sdb2/var/lib/dpkg/info/libxml2:armhf.symbols\n', '/mnt/16orig/sdb2/var/lib/dpkg/info/libxml2:armhf.md5sums\n', '/mnt/16orig/sdb2/var/lib/dpkg/info/libxml2:armhf.shlibs\n', '/mnt/16orig/sdb2/var/lib/dpkg/info/libxml2:armhf.list\n']
cp -r --preserve /mnt/16orig/sdb2/usr/share/doc/libxml2 /usr/share/doc
('File created by cpFile: ', '')
('File created: ', '')
replaceThem ok.
cp -r --preserve /mnt/16orig/sdb2/usr/share/lintian/overrides/libxml2 /usr/share/lintian/overrides
('File created by cpFile: ', '')
('File created: ', '')
replaceThem ok.
cp -r --preserve /mnt/16orig/sdb2/usr/lib/arm-linux-gnueabihf/libxml2.so.2 /usr/lib/arm-linux-gnueabihf
('File created by cpFile: ', '')
('File created: ', '')
replaceThem ok.
cp -r --preserve /mnt/16orig/sdb2/usr/lib/arm-linux-gnueabihf/libxml2.so.2.9.1 /usr/lib/arm-linux-gnueabihf
('File created by cpFile: ', '')
('File created: ', '')
replaceThem ok.
cp -r --preserve /mnt/16orig/sdb2/var/cache/apt/archives/libxml2_2.9.1+dfsg1-5+deb8u8_armhf.deb /var/cache/apt/archives
('File created by cpFile: ', '')
('File created: ', '')
replaceThem ok.
cp -r --preserve /mnt/16orig/sdb2/var/lib/dpkg/info/libxml2:armhf.postrm /var/lib/dpkg/info
('File created by cpFile: ', '')
('File created: ', '')
replaceThem ok.
cp -r --preserve /mnt/16orig/sdb2/var/lib/dpkg/info/libxml2:armhf.postinst /var/lib/dpkg/info
('File created by cpFile: ', '')
('File created: ', '')
replaceThem ok.
cp -r --preserve /mnt/16orig/sdb2/var/lib/dpkg/info/libxml2:armhf.symbols /var/lib/dpkg/info
('File created by cpFile: ', '')
('File created: ', '')
replaceThem ok.
cp -r --preserve /mnt/16orig/sdb2/var/lib/dpkg/info/libxml2:armhf.md5sums /var/lib/dpkg/info
('File created by cpFile: ', '')
('File created: ', '')
replaceThem ok.
cp -r --preserve /mnt/16orig/sdb2/var/lib/dpkg/info/libxml2:armhf.shlibs /var/lib/dpkg/info
('File created by cpFile: ', '')
('File created: ', '')
replaceThem ok.
cp -r --preserve /mnt/16orig/sdb2/var/lib/dpkg/info/libxml2:armhf.list /var/lib/dpkg/info
('File created by cpFile: ', '')
('File created: ', '')
replaceThem ok.
------------------------------
Done.
